1510880737.482518 client started (10399): version 2.5, socket /tmp/tmux-1000/default, protocol 8
1510880737.482627 on Linux 4.13.10-200.fc26.x86_64 #1 SMP Fri Oct 27 15:34:40 UTC 2017; libevent 2.0.22-stable (poll)
1510880737.482696 socket is /tmp/tmux-1000/default
1510880737.482926 trying connect
1510880737.483634 add peer 0x557ba6225a70: 7 ((nil))
1510880737.484145 sending message 100 to peer 0x557ba6225a70 (4 bytes)
1510880737.484192 sending message 101 to peer 0x557ba6225a70 (16 bytes)
1510880737.484207 sending message 102 to peer 0x557ba6225a70 (11 bytes)
1510880737.484219 sending message 108 to peer 0x557ba6225a70 (55 bytes)
1510880737.484236 sending message 104 to peer 0x557ba6225a70 (0 bytes)
1510880737.484250 sending message 107 to peer 0x557ba6225a70 (4 bytes)
1510880737.484263 sending message 105 to peer 0x557ba6225a70 (23 bytes)
1510880737.484275 sending message 105 to peer 0x557ba6225a70 (20 bytes)
1510880737.484287 sending message 105 to peer 0x557ba6225a70 (54 bytes)
1510880737.484319 sending message 105 to peer 0x557ba6225a70 (25 bytes)
1510880737.484339 sending message 105 to peer 0x557ba6225a70 (11 bytes)
1510880737.484353 sending message 105 to peer 0x557ba6225a70 (20 bytes)
1510880737.484367 sending message 105 to peer 0x557ba6225a70 (43 bytes)
1510880737.484382 sending message 105 to peer 0x557ba6225a70 (84 bytes)
1510880737.484400 sending message 105 to peer 0x557ba6225a70 (24 bytes)
1510880737.484419 sending message 105 to peer 0x557ba6225a70 (33 bytes)
1510880737.484443 sending message 105 to peer 0x557ba6225a70 (44 bytes)
1510880737.484455 sending message 105 to peer 0x557ba6225a70 (57 bytes)
1510880737.484467 sending message 105 to peer 0x557ba6225a70 (23 bytes)
1510880737.484478 sending message 105 to peer 0x557ba6225a70 (17 bytes)
1510880737.484490 sending message 105 to peer 0x557ba6225a70 (21 bytes)
1510880737.484501 sending message 105 to peer 0x557ba6225a70 (36 bytes)
1510880737.484512 sending message 105 to peer 0x557ba6225a70 (24 bytes)
1510880737.484524 sending message 105 to peer 0x557ba6225a70 (23 bytes)
1510880737.484535 sending message 105 to peer 0x557ba6225a70 (14 bytes)
1510880737.484547 sending message 105 to peer 0x557ba6225a70 (18 bytes)
1510880737.484558 sending message 105 to peer 0x557ba6225a70 (38 bytes)
1510880737.484569 sending message 105 to peer 0x557ba6225a70 (33 bytes)
1510880737.484621 sending message 105 to peer 0x557ba6225a70 (23 bytes)
1510880737.484633 sending message 105 to peer 0x557ba6225a70 (49 bytes)
1510880737.484645 sending message 105 to peer 0x557ba6225a70 (61 bytes)
1510880737.484667 sending message 105 to peer 0x557ba6225a70 (17 bytes)
1510880737.484679 sending message 105 to peer 0x557ba6225a70 (35 bytes)
1510880737.484690 sending message 105 to peer 0x557ba6225a70 (24 bytes)
1510880737.484702 sending message 105 to peer 0x557ba6225a70 (24 bytes)
1510880737.484713 sending message 105 to peer 0x557ba6225a70 (21 bytes)
1510880737.484725 sending message 105 to peer 0x557ba6225a70 (21 bytes)
1510880737.484736 sending message 105 to peer 0x557ba6225a70 (21 bytes)
1510880737.484775 sending message 105 to peer 0x557ba6225a70 (21 bytes)
1510880737.484794 sending message 105 to peer 0x557ba6225a70 (24 bytes)
1510880737.484808 sending message 105 to peer 0x557ba6225a70 (15 bytes)
1510880737.484821 sending message 105 to peer 0x557ba6225a70 (1516 bytes)
1510880737.484914 sending message 105 to peer 0x557ba6225a70 (28 bytes)
1510880737.484934 sending message 105 to peer 0x557ba6225a70 (49 bytes)
1510880737.484955 sending message 105 to peer 0x557ba6225a70 (35 bytes)
1510880737.484973 sending message 105 to peer 0x557ba6225a70 (11 bytes)
1510880737.484992 sending message 105 to peer 0x557ba6225a70 (460 bytes)
1510880737.485012 sending message 105 to peer 0x557ba6225a70 (37 bytes)
1510880737.485034 sending message 105 to peer 0x557ba6225a70 (24 bytes)
1510880737.485054 sending message 105 to peer 0x557ba6225a70 (32 bytes)
1510880737.485074 sending message 105 to peer 0x557ba6225a70 (28 bytes)
1510880737.485090 sending message 105 to peer 0x557ba6225a70 (17 bytes)
1510880737.485101 sending message 105 to peer 0x557ba6225a70 (27 bytes)
1510880737.485136 sending message 105 to peer 0x557ba6225a70 (24 bytes)
1510880737.485148 sending message 105 to peer 0x557ba6225a70 (78 bytes)
1510880737.485161 sending message 105 to peer 0x557ba6225a70 (19 bytes)
1510880737.485173 sending message 105 to peer 0x557ba6225a70 (8 bytes)
1510880737.485186 sending message 105 to peer 0x557ba6225a70 (19 bytes)
1510880737.485198 sending message 105 to peer 0x557ba6225a70 (51 bytes)
1510880737.485210 sending message 105 to peer 0x557ba6225a70 (53 bytes)
1510880737.485222 sending message 105 to peer 0x557ba6225a70 (21 bytes)
1510880737.485234 sending message 105 to peer 0x557ba6225a70 (60 bytes)
1510880737.485246 sending message 105 to peer 0x557ba6225a70 (45 bytes)
1510880737.485258 sending message 105 to peer 0x557ba6225a70 (62 bytes)
1510880737.485270 sending message 105 to peer 0x557ba6225a70 (35 bytes)
1510880737.485283 sending message 105 to peer 0x557ba6225a70 (13 bytes)
1510880737.485295 sending message 105 to peer 0x557ba6225a70 (12 bytes)
1510880737.485307 sending message 105 to peer 0x557ba6225a70 (53 bytes)
1510880737.485319 sending message 105 to peer 0x557ba6225a70 (44 bytes)
1510880737.485332 sending message 105 to peer 0x557ba6225a70 (44 bytes)
1510880737.485344 sending message 105 to peer 0x557ba6225a70 (70 bytes)
1510880737.485357 sending message 105 to peer 0x557ba6225a70 (30 bytes)
1510880737.485369 sending message 105 to peer 0x557ba6225a70 (17 bytes)
1510880737.485381 sending message 105 to peer 0x557ba6225a70 (38 bytes)
1510880737.485393 sending message 105 to peer 0x557ba6225a70 (46 bytes)
1510880737.485405 sending message 105 to peer 0x557ba6225a70 (31 bytes)
1510880737.485420 sending message 105 to peer 0x557ba6225a70 (50 bytes)
1510880737.485438 sending message 105 to peer 0x557ba6225a70 (31 bytes)
1510880737.485457 sending message 105 to peer 0x557ba6225a70 (15 bytes)
1510880737.485474 sending message 105 to peer 0x557ba6225a70 (52 bytes)
1510880737.485492 sending message 105 to peer 0x557ba6225a70 (29 bytes)
1510880737.485511 sending message 105 to peer 0x557ba6225a70 (17 bytes)
1510880737.485529 sending message 105 to peer 0x557ba6225a70 (58 bytes)
1510880737.485547 sending message 105 to peer 0x557ba6225a70 (21 bytes)
1510880737.485563 sending message 105 to peer 0x557ba6225a70 (11 bytes)
1510880737.485579 sending message 105 to peer 0x557ba6225a70 (20 bytes)
1510880737.485595 sending message 105 to peer 0x557ba6225a70 (16 bytes)
1510880737.485611 sending message 105 to peer 0x557ba6225a70 (59 bytes)
1510880737.485629 sending message 105 to peer 0x557ba6225a70 (43 bytes)
1510880737.485647 sending message 105 to peer 0x557ba6225a70 (52 bytes)
1510880737.485665 sending message 105 to peer 0x557ba6225a70 (511 bytes)
1510880737.485683 sending message 105 to peer 0x557ba6225a70 (91 bytes)
1510880737.485703 sending message 105 to peer 0x557ba6225a70 (74 bytes)
1510880737.485724 sending message 105 to peer 0x557ba6225a70 (78 bytes)
1510880737.485777 sending message 105 to peer 0x557ba6225a70 (35 bytes)
1510880737.485806 sending message 105 to peer 0x557ba6225a70 (27 bytes)
1510880737.485826 sending message 105 to peer 0x557ba6225a70 (24 bytes)
1510880737.485844 sending message 105 to peer 0x557ba6225a70 (28 bytes)
1510880737.485863 sending message 105 to peer 0x557ba6225a70 (16 bytes)
1510880737.485881 sending message 105 to peer 0x557ba6225a70 (19 bytes)
1510880737.485900 sending message 105 to peer 0x557ba6225a70 (20 bytes)
1510880737.485919 sending message 105 to peer 0x557ba6225a70 (19 bytes)
1510880737.485937 sending message 105 to peer 0x557ba6225a70 (20 bytes)
1510880737.485955 sending message 105 to peer 0x557ba6225a70 (20 bytes)
1510880737.485974 sending message 105 to peer 0x557ba6225a70 (14 bytes)
1510880737.485992 sending message 105 to peer 0x557ba6225a70 (15 bytes)
1510880737.486011 sending message 105 to peer 0x557ba6225a70 (27 bytes)
1510880737.486031 sending message 105 to peer 0x557ba6225a70 (18 bytes)
1510880737.486052 sending message 105 to peer 0x557ba6225a70 (14 bytes)
1510880737.486099 sending message 105 to peer 0x557ba6225a70 (18 bytes)
1510880737.486119 sending message 105 to peer 0x557ba6225a70 (20 bytes)
1510880737.486138 sending message 105 to peer 0x557ba6225a70 (23 bytes)
1510880737.486156 sending message 105 to peer 0x557ba6225a70 (11 bytes)
1510880737.486174 sending message 105 to peer 0x557ba6225a70 (16 bytes)
1510880737.486195 sending message 105 to peer 0x557ba6225a70 (15 bytes)
1510880737.486214 sending message 105 to peer 0x557ba6225a70 (15 bytes)
1510880737.486226 sending message 105 to peer 0x557ba6225a70 (15 bytes)
1510880737.486238 sending message 105 to peer 0x557ba6225a70 (23 bytes)
1510880737.486250 sending message 105 to peer 0x557ba6225a70 (15 bytes)
1510880737.486262 sending message 105 to peer 0x557ba6225a70 (17 bytes)
1510880737.486273 sending message 105 to peer 0x557ba6225a70 (9 bytes)
1510880737.486285 sending message 105 to peer 0x557ba6225a70 (17 bytes)
1510880737.486297 sending message 105 to peer 0x557ba6225a70 (14 bytes)
1510880737.486309 sending message 105 to peer 0x557ba6225a70 (18 bytes)
1510880737.486321 sending message 105 to peer 0x557ba6225a70 (10 bytes)
1510880737.486333 sending message 105 to peer 0x557ba6225a70 (16 bytes)
1510880737.486346 sending message 106 to peer 0x557ba6225a70 (0 bytes)
1510880737.486360 sending message 200 to peer 0x557ba6225a70 (4 bytes)
1510880737.486372 client loop enter
1510880737.488481 peer 0x557ba6225a70 message 211
1510880737.488734 peer 0x557ba6225a70 message 203
1510880737.488795 client loop exit
